2021-01-25T12:21:57.697082-04:00 : There is no alternative for fieldAccessMessage of selector: lastLinkStack
2021-01-25T12:21:57.698715-04:00 : There is no alternative for fieldAccessMessage of selector: firstLinkStack
2021-01-25T12:21:57.701619-04:00 : There is no alternative for fieldAccessMessage of selector: firstLinkStack
2021-01-25T12:21:57.702762-04:00 : there is not alternative factory method
2021-01-25T12:21:57.703834-04:00 : There is no alternative for fieldAccessMessage of selector: firstLinkStack
2021-01-25T12:21:57.710074-04:00 : There is no alternative for fieldAccessMessage of selector: lastLinkStack
2021-01-25T12:21:57.711264-04:00 : There is no alternative for fieldAccessMessage of selector: firstLinkStack
2021-01-25T12:21:57.712788-04:00 : there is not alternative factory method
2021-01-25T12:21:57.71522-04:00 : there is not object besides target class
2021-01-25T12:21:57.717315-04:00 : There is no alternative for fieldAccessMessage of selector: lastLinkStack
2021-01-25T12:21:57.718497-04:00 : there is not alternative factory method
2021-01-25T12:21:57.731249-04:00 : there is not alternative factory method
2021-01-25T12:21:57.735651-04:00 : there is not alternative factory method
2021-01-25T12:21:57.876545-04:00 : there is not alternatives for the receiver
2021-01-25T12:21:57.878883-04:00 : there is not alternatives for the receiver
2021-01-25T12:21:57.881134-04:00 : There is no alternative for fieldAccessMessage of selector: lastLinkStack
2021-01-25T12:21:57.882486-04:00 : There is no alternative for fieldAccessMessage of selector: firstLinkStack
2021-01-25T12:21:57.891198-04:00 : There is no alternative for fieldAccessMessage of selector: lastLinkStack
2021-01-25T12:21:57.892406-04:00 : there is not alternatives for the receiver
2021-01-25T12:21:57.893611-04:00 : There is no alternative for fieldAccessMessage of selector: lastLinkStack
2021-01-25T12:21:57.89684-04:00 : there is not alternative factory method
2021-01-25T12:21:57.897906-04:00 : There is no alternative for fieldAccessMessage of selector: firstLinkStack
2021-01-25T12:21:57.899659-04:00 : there is not object besides target class
2021-01-25T12:21:57.905529-04:00 : There is no alternative for fieldAccessMessage of selector: firstLinkStack
2021-01-25T12:21:58.053502-04:00 : There is no alternative for fieldAccessMessage of selector: lastLinkStack
2021-01-25T12:21:58.057183-04:00 : there is not alternatives for the receiver
2021-01-25T12:21:58.059272-04:00 : there is not alternative factory method
2021-01-25T12:21:58.060631-04:00 : There is no alternative for fieldAccessMessage of selector: firstLinkStack
2021-01-25T12:21:58.064642-04:00 : there is not alternative factory method
2021-01-25T12:21:58.066094-04:00 : There is no alternative for fieldAccessMessage of selector: lastLinkStack
2021-01-25T12:21:58.068971-04:00 : there is not alternative message
2021-01-25T12:21:58.069931-04:00 : there is not alternative factory method
2021-01-25T12:21:58.070847-04:00 : there is not alternatives for the receiver
2021-01-25T12:21:58.072349-04:00 : There is no alternative for fieldAccessMessage of selector: firstLinkStack
2021-01-25T12:21:58.073697-04:00 : There is no alternative for fieldAccessMessage of selector: lastLinkStack
2021-01-25T12:21:58.079917-04:00 : there is not alternatives for the receiver
2021-01-25T12:21:58.081245-04:00 : there is not object besides target class
2021-01-25T12:21:58.227571-04:00 : there is not alternative factory method
2021-01-25T12:21:58.236758-04:00 : there is not alternatives for the receiver
2021-01-25T12:21:58.238968-04:00 : There is no alternative for fieldAccessMessage of selector: firstLinkStack
2021-01-25T12:21:58.240093-04:00 : there is not alternative factory method
2021-01-25T12:21:58.242559-04:00 : There is no alternative for fieldAccessMessage of selector: lastLinkStack
2021-01-25T12:21:58.243623-04:00 : there is not alternatives for the receiver
2021-01-25T12:21:58.24476-04:00 : There is no alternative for fieldAccessMessage of selector: lastLinkStack
2021-01-25T12:21:58.250208-04:00 : there is not alternative factory method
2021-01-25T12:21:58.385801-04:00 : there is not object besides target class
2021-01-25T12:21:58.391713-04:00 : There is no alternative for fieldAccessMessage of selector: lastLinkStack
2021-01-25T12:21:58.404768-04:00 : there is not alternative factory method
2021-01-25T12:21:58.409334-04:00 : there is not alternative factory method
2021-01-25T12:21:58.410693-04:00 : there is not alternatives for the receiver
2021-01-25T12:21:58.411791-04:00 : there is not alternatives for the receiver
2021-01-25T12:38:06.941722-04:00 : there is not alternative factory method
2021-01-25T12:38:06.955541-04:00 : there is not alternative factory method
2021-01-25T12:38:06.961874-04:00 : there is not alternative factory method
2021-01-25T12:38:06.963945-04:00 : there is not alternative factory method
2021-01-25T12:38:07.632295-04:00 : there is not object besides target class
2021-01-25T12:38:07.653567-04:00 : there is object arguments
2021-01-25T12:38:08.379116-04:00 : there is not alternative factory method
2021-01-25T12:38:08.384927-04:00 : Types required not exist in typeInfo
2021-01-25T12:38:08.388177-04:00 : Types required not exist in typeInfo
2021-01-25T12:38:08.411608-04:00 : there is not object besides target class
2021-01-25T12:38:08.434489-04:00 : there is not object besides target class
2021-01-25T12:38:09.274574-04:00 : there is not object besides target class
2021-01-25T12:38:09.30971-04:00 : there is not alternative factory method
2021-01-25T12:38:09.312554-04:00 : there is not alternative factory method
2021-01-25T12:38:10.084352-04:00 : there is not alternatives for the receiver
2021-01-25T12:38:10.105589-04:00 : there is not alternative factory method
2021-01-25T12:38:10.119831-04:00 : there is not alternative factory method
2021-01-25T12:38:10.998295-04:00 : Execution error
2021-01-25T12:38:30.787004-04:00 : There is no alternative for fieldAccessMessage of selector: lastLinkStack
2021-01-25T12:38:30.792128-04:00 : There is no alternative for fieldAccessMessage of selector: firstLinkStack
2021-01-25T12:38:30.795312-04:00 : There is no alternative for fieldAccessMessage of selector: firstLinkStack
2021-01-25T12:38:30.796793-04:00 : there is not alternative factory method
2021-01-25T12:38:30.797925-04:00 : There is no alternative for fieldAccessMessage of selector: firstLinkStack
2021-01-25T12:38:30.803998-04:00 : There is no alternative for fieldAccessMessage of selector: lastLinkStack
2021-01-25T12:38:30.805367-04:00 : There is no alternative for fieldAccessMessage of selector: firstLinkStack
2021-01-25T12:38:30.806403-04:00 : there is not alternative factory method
2021-01-25T12:38:30.808431-04:00 : there is not object besides target class
2021-01-25T12:38:30.81029-04:00 : There is no alternative for fieldAccessMessage of selector: lastLinkStack
2021-01-25T12:38:30.81126-04:00 : there is not alternative factory method
2021-01-25T12:38:30.820459-04:00 : there is not alternative factory method
2021-01-25T12:38:30.824345-04:00 : there is not alternative factory method
2021-01-25T12:38:30.923039-04:00 : there is not alternatives for the receiver
2021-01-25T12:38:30.927077-04:00 : there is not alternatives for the receiver
2021-01-25T12:38:30.928815-04:00 : There is no alternative for fieldAccessMessage of selector: lastLinkStack
2021-01-25T12:38:30.930195-04:00 : There is no alternative for fieldAccessMessage of selector: firstLinkStack
2021-01-25T12:38:30.938205-04:00 : There is no alternative for fieldAccessMessage of selector: lastLinkStack
2021-01-25T12:38:30.939481-04:00 : there is not alternatives for the receiver
2021-01-25T12:38:30.940565-04:00 : There is no alternative for fieldAccessMessage of selector: lastLinkStack
2021-01-25T12:38:30.943028-04:00 : there is not alternative factory method
2021-01-25T12:38:30.944104-04:00 : There is no alternative for fieldAccessMessage of selector: firstLinkStack
2021-01-25T12:38:30.945502-04:00 : there is not object besides target class
2021-01-25T12:38:30.949905-04:00 : There is no alternative for fieldAccessMessage of selector: firstLinkStack
2021-01-25T12:38:31.104361-04:00 : There is no alternative for fieldAccessMessage of selector: lastLinkStack
2021-01-25T12:38:31.106407-04:00 : there is not alternatives for the receiver
2021-01-25T12:38:31.107803-04:00 : there is not alternative factory method
2021-01-25T12:38:31.109208-04:00 : There is no alternative for fieldAccessMessage of selector: firstLinkStack
2021-01-25T12:38:31.114013-04:00 : there is not alternative factory method
2021-01-25T12:38:31.11513-04:00 : There is no alternative for fieldAccessMessage of selector: lastLinkStack
2021-01-25T12:38:31.116948-04:00 : there is not alternative message
2021-01-25T12:38:31.117943-04:00 : there is not alternative factory method
2021-01-25T12:38:31.11892-04:00 : there is not alternatives for the receiver
2021-01-25T12:38:31.119912-04:00 : There is no alternative for fieldAccessMessage of selector: firstLinkStack
2021-01-25T12:38:31.121983-04:00 : There is no alternative for fieldAccessMessage of selector: lastLinkStack
2021-01-25T12:38:31.126781-04:00 : there is not alternatives for the receiver
2021-01-25T12:38:31.128164-04:00 : there is not object besides target class
2021-01-25T12:38:31.260936-04:00 : there is not alternative factory method
2021-01-25T12:38:31.2718-04:00 : there is not alternatives for the receiver
2021-01-25T12:38:31.273611-04:00 : There is no alternative for fieldAccessMessage of selector: firstLinkStack
2021-01-25T12:38:31.27619-04:00 : there is not alternative factory method
2021-01-25T12:38:31.279456-04:00 : There is no alternative for fieldAccessMessage of selector: lastLinkStack
2021-01-25T12:38:31.280645-04:00 : there is not alternatives for the receiver
2021-01-25T12:38:31.281599-04:00 : There is no alternative for fieldAccessMessage of selector: lastLinkStack
2021-01-25T12:38:31.286694-04:00 : there is not alternative factory method
2021-01-25T12:38:31.418556-04:00 : there is not object besides target class
2021-01-25T12:38:31.425264-04:00 : There is no alternative for fieldAccessMessage of selector: lastLinkStack
2021-01-25T12:38:31.436367-04:00 : there is not alternative factory method
2021-01-25T12:38:31.440965-04:00 : there is not alternative factory method
2021-01-25T12:38:31.442798-04:00 : there is not alternatives for the receiver
2021-01-25T12:38:31.443977-04:00 : there is not alternatives for the receiver
2021-01-25T12:38:55.261532-04:00 : Types required not exist in typeInfo
2021-01-25T12:41:16.471315-04:00 : Pick any error
2021-01-25T13:27:13.581587-04:00 : There is no alternative for fieldAccessMessage of selector: lastLinkStack
2021-01-25T13:27:13.585829-04:00 : There is no alternative for fieldAccessMessage of selector: firstLinkStack
2021-01-25T13:27:13.588882-04:00 : There is no alternative for fieldAccessMessage of selector: firstLinkStack
2021-01-25T13:27:13.590667-04:00 : there is not alternative factory method
2021-01-25T13:27:13.591969-04:00 : There is no alternative for fieldAccessMessage of selector: firstLinkStack
2021-01-25T13:27:13.596941-04:00 : There is no alternative for fieldAccessMessage of selector: lastLinkStack
2021-01-25T13:27:13.598319-04:00 : There is no alternative for fieldAccessMessage of selector: firstLinkStack
2021-01-25T13:27:13.599414-04:00 : there is not alternative factory method
2021-01-25T13:27:13.601183-04:00 : there is not object besides target class
2021-01-25T13:27:13.60366-04:00 : There is no alternative for fieldAccessMessage of selector: lastLinkStack
2021-01-25T13:27:13.604912-04:00 : there is not alternative factory method
2021-01-25T13:27:13.614305-04:00 : there is not alternative factory method
2021-01-25T13:27:13.619466-04:00 : there is not alternative factory method
2021-01-25T13:27:13.707786-04:00 : there is not alternatives for the receiver
2021-01-25T13:27:13.709104-04:00 : there is not alternatives for the receiver
2021-01-25T13:27:13.710646-04:00 : There is no alternative for fieldAccessMessage of selector: lastLinkStack
2021-01-25T13:27:13.711873-04:00 : There is no alternative for fieldAccessMessage of selector: firstLinkStack
2021-01-25T13:27:13.719268-04:00 : There is no alternative for fieldAccessMessage of selector: lastLinkStack
2021-01-25T13:27:13.720475-04:00 : there is not alternatives for the receiver
2021-01-25T13:27:13.721576-04:00 : There is no alternative for fieldAccessMessage of selector: lastLinkStack
2021-01-25T13:27:13.723147-04:00 : there is not alternative factory method
2021-01-25T13:27:13.724143-04:00 : There is no alternative for fieldAccessMessage of selector: firstLinkStack
2021-01-25T13:27:13.725364-04:00 : there is not object besides target class
2021-01-25T13:27:13.731349-04:00 : There is no alternative for fieldAccessMessage of selector: firstLinkStack
2021-01-25T13:27:13.835215-04:00 : There is no alternative for fieldAccessMessage of selector: lastLinkStack
2021-01-25T13:27:13.836828-04:00 : there is not alternatives for the receiver
2021-01-25T13:27:13.838181-04:00 : there is not alternative factory method
2021-01-25T13:27:13.839337-04:00 : There is no alternative for fieldAccessMessage of selector: firstLinkStack
2021-01-25T13:27:13.843134-04:00 : there is not alternative factory method
2021-01-25T13:27:13.844944-04:00 : There is no alternative for fieldAccessMessage of selector: lastLinkStack
2021-01-25T13:27:13.84809-04:00 : there is not alternative message
2021-01-25T13:27:13.8494-04:00 : there is not alternative factory method
2021-01-25T13:27:13.850498-04:00 : there is not alternatives for the receiver
2021-01-25T13:27:13.853548-04:00 : There is no alternative for fieldAccessMessage of selector: firstLinkStack
2021-01-25T13:27:13.854671-04:00 : There is no alternative for fieldAccessMessage of selector: lastLinkStack
2021-01-25T13:27:13.861802-04:00 : there is not alternatives for the receiver
2021-01-25T13:27:13.863573-04:00 : there is not object besides target class
2021-01-25T13:27:13.952182-04:00 : there is not alternative factory method
2021-01-25T13:27:13.964751-04:00 : there is not alternatives for the receiver
2021-01-25T13:27:13.966055-04:00 : There is no alternative for fieldAccessMessage of selector: firstLinkStack
2021-01-25T13:27:13.96714-04:00 : there is not alternative factory method
2021-01-25T13:27:13.969823-04:00 : There is no alternative for fieldAccessMessage of selector: lastLinkStack
2021-01-25T13:27:13.971057-04:00 : there is not alternatives for the receiver
2021-01-25T13:27:13.972284-04:00 : There is no alternative for fieldAccessMessage of selector: lastLinkStack
2021-01-25T13:27:13.97741-04:00 : there is not alternative factory method
2021-01-25T13:27:14.059205-04:00 : there is not object besides target class
2021-01-25T13:27:14.064744-04:00 : There is no alternative for fieldAccessMessage of selector: lastLinkStack
2021-01-25T13:27:14.077059-04:00 : there is not alternative factory method
2021-01-25T13:27:14.082112-04:00 : there is not alternative factory method
2021-01-25T13:27:14.083308-04:00 : there is not alternatives for the receiver
2021-01-25T13:27:14.084547-04:00 : there is not alternatives for the receiver
